
*** Running vivado
    with args -log adder.vds -m64 -product Vivado -mode batch -messageDb vivado.pb -notrace -source adder.tcl


ECHO 已關閉。
ECHO 已關閉。

****** Vivado v2023.2 (64-bit)
  **** SW Build 4029153 on Fri Oct 13 20:14:34 MDT 2023
  **** IP Build 4028589 on Sat Oct 14 00:45:43 MDT 2023
  **** SharedData Build 4025554 on Tue Oct 10 17:18:54 MDT 2023
    ** Copyright 1986-2022 Xilinx, Inc. All Rights Reserved.
    ** Copyright 2022-2023 Advanced Micro Devices, Inc. All Rights Reserved.

source adder.tcl -notrace
create_project: Time (s): cpu = 00:00:13 ; elapsed = 00:00:14 . Memory (MB): peak = 484.051 ; gain = 181.754
Command: read_checkpoint -auto_incremental -incremental {C:/03 Digital Lab/Lab06/Lab06_BCD_adder/Lab06_BCD_adder/Lab06_BCD_adder.srcs/utils_1/imports/synth_1/adder.dcp}
INFO: [Vivado 12-5825] Read reference checkpoint from C:/03 Digital Lab/Lab06/Lab06_BCD_adder/Lab06_BCD_adder/Lab06_BCD_adder.srcs/utils_1/imports/synth_1/adder.dcp for incremental synthesis
INFO: [Vivado 12-7989] Please ensure there are no constraint changes
Command: synth_design -top adder -part xc7a100tcsg324-1
Starting synth_design
Attempting to get a license for feature 'Synthesis' and/or device 'xc7a100t'
INFO: [Common 17-349] Got license for feature 'Synthesis' and/or device 'xc7a100t'
INFO: [Device 21-403] Loading part xc7a100tcsg324-1
INFO: [Designutils 20-5440] No compile time benefit to using incremental synthesis; A full resynthesis will be run
INFO: [Designutils 20-4379] Flow is switching to default flow due to incremental criteria not met. If you would like to alter this behaviour and have the flow terminate instead, please set the following parameter config_implementation {autoIncr.Synth.RejectBehavior Terminate}
INFO: [Synth 8-7079] Multithreading enabled for synth_design using a maximum of 2 processes.
INFO: [Synth 8-7078] Launching helper process for spawning children vivado processes
INFO: [Synth 8-7075] Helper process launched with PID 14320
---------------------------------------------------------------------------------
Starting RTL Elaboration : Time (s): cpu = 00:00:10 ; elapsed = 00:00:11 . Memory (MB): peak = 1336.941 ; gain = 438.777
---------------------------------------------------------------------------------
INFO: [Synth 8-6157] synthesizing module 'adder' [C:/03 Digital Lab/Lab06/Lab06_BCD_adder/Lab06_BCD_adder/Lab06_BCD_adder.srcs/sources_1/new/adder.v:22]
INFO: [Synth 8-6157] synthesizing module 'keypad' [C:/03 Digital Lab/Lab06/Lab06_BCD_adder/Lab06_BCD_adder/Lab06_BCD_adder.srcs/sources_1/new/keypad.v:22]
INFO: [Synth 8-6155] done synthesizing module 'keypad' (0#1) [C:/03 Digital Lab/Lab06/Lab06_BCD_adder/Lab06_BCD_adder/Lab06_BCD_adder.srcs/sources_1/new/keypad.v:22]
WARNING: [Synth 8-7071] port 'press_event_acknowledge' of module 'keypad' is unconnected for instance 'key' [C:/03 Digital Lab/Lab06/Lab06_BCD_adder/Lab06_BCD_adder/Lab06_BCD_adder.srcs/sources_1/new/adder.v:56]
WARNING: [Synth 8-7023] instance 'key' of module 'keypad' has 7 connections declared, but only 6 given [C:/03 Digital Lab/Lab06/Lab06_BCD_adder/Lab06_BCD_adder/Lab06_BCD_adder.srcs/sources_1/new/adder.v:56]
INFO: [Synth 8-6157] synthesizing module 'summation_logic' [C:/03 Digital Lab/Lab06/Lab06_BCD_adder/Lab06_BCD_adder/Lab06_BCD_adder.srcs/sources_1/new/summation_logic.v:22]
INFO: [Synth 8-6155] done synthesizing module 'summation_logic' (0#1) [C:/03 Digital Lab/Lab06/Lab06_BCD_adder/Lab06_BCD_adder/Lab06_BCD_adder.srcs/sources_1/new/summation_logic.v:22]
INFO: [Synth 8-6157] synthesizing module 'concurrent_display' [C:/03 Digital Lab/Lab06/Lab06_BCD_adder/Lab06_BCD_adder/Lab06_BCD_adder.srcs/sources_1/new/concurrent_display.v:23]
INFO: [Synth 8-6155] done synthesizing module 'concurrent_display' (0#1) [C:/03 Digital Lab/Lab06/Lab06_BCD_adder/Lab06_BCD_adder/Lab06_BCD_adder.srcs/sources_1/new/concurrent_display.v:23]
INFO: [Synth 8-6155] done synthesizing module 'adder' (0#1) [C:/03 Digital Lab/Lab06/Lab06_BCD_adder/Lab06_BCD_adder/Lab06_BCD_adder.srcs/sources_1/new/adder.v:22]
WARNING: [Synth 8-6014] Unused sequential element temp_reg was removed.  [C:/03 Digital Lab/Lab06/Lab06_BCD_adder/Lab06_BCD_adder/Lab06_BCD_adder.srcs/sources_1/new/keypad.v:59]
WARNING: [Synth 8-3848] Net press_event_acknowledge in module/entity summation_logic does not have driver. [C:/03 Digital Lab/Lab06/Lab06_BCD_adder/Lab06_BCD_adder/Lab06_BCD_adder.srcs/sources_1/new/summation_logic.v:36]
WARNING: [Synth 8-7129] Port press_event_acknowledge in module summation_logic is either unconnected or has no load
WARNING: [Synth 8-7129] Port press_event_acknowledge in module keypad is either unconnected or has no load
---------------------------------------------------------------------------------
Finished RTL Elaboration : Time (s): cpu = 00:00:13 ; elapsed = 00:00:14 . Memory (MB): peak = 1445.430 ; gain = 547.266
---------------------------------------------------------------------------------
---------------------------------------------------------------------------------
Start Handling Custom Attributes
---------------------------------------------------------------------------------
---------------------------------------------------------------------------------
Finished Handling Custom Attributes : Time (s): cpu = 00:00:13 ; elapsed = 00:00:14 . Memory (MB): peak = 1445.430 ; gain = 547.266
---------------------------------------------------------------------------------
---------------------------------------------------------------------------------
Finished RTL Optimization Phase 1 : Time (s): cpu = 00:00:13 ; elapsed = 00:00:14 . Memory (MB): peak = 1445.430 ; gain = 547.266
---------------------------------------------------------------------------------
Netlist sorting complete. Time (s): cpu = 00:00:00 ; elapsed = 00:00:00.004 . Memory (MB): peak = 1445.430 ; gain = 0.000
INFO: [Project 1-570] Preparing netlist for logic optimization

Processing XDC Constraints
Initializing timing engine
Parsing XDC File [C:/03 Digital Lab/Lab06/Lab06_BCD_adder/Lab06_BCD_adder/Lab06_BCD_adder.srcs/constrs_1/new/adder.xdc]
Finished Parsing XDC File [C:/03 Digital Lab/Lab06/Lab06_BCD_adder/Lab06_BCD_adder/Lab06_BCD_adder.srcs/constrs_1/new/adder.xdc]
INFO: [Project 1-236] Implementation specific constraints were found while reading constraint file [C:/03 Digital Lab/Lab06/Lab06_BCD_adder/Lab06_BCD_adder/Lab06_BCD_adder.srcs/constrs_1/new/adder.xdc]. These constraints will be ignored for synthesis but will be used in implementation. Impacted constraints are listed in the file [.Xil/adder_propImpl.xdc].
Resolution: To avoid this warning, move constraints listed in [.Xil/adder_propImpl.xdc] to another XDC file and exclude this new file from synthesis with the used_in_synthesis property (File Properties dialog in GUI) and re-run elaboration/synthesis.
Completed Processing XDC Constraints

Netlist sorting complete. Time (s): cpu = 00:00:00 ; elapsed = 00:00:00 . Memory (MB): peak = 1536.223 ; gain = 0.000
INFO: [Project 1-111] Unisim Transformation Summary:
No Unisim elements were transformed.

存取被拒。
Constraint Validation Runtime : Time (s): cpu = 00:00:00 ; elapsed = 00:00:00.004 . Memory (MB): peak = 1536.223 ; gain = 0.000
INFO: [Designutils 20-5440] No compile time benefit to using incremental synthesis; A full resynthesis will be run
INFO: [Designutils 20-4379] Flow is switching to default flow due to incremental criteria not met. If you would like to alter this behaviour and have the flow terminate instead, please set the following parameter config_implementation {autoIncr.Synth.RejectBehavior Terminate}
---------------------------------------------------------------------------------
Finished Constraint Validation : Time (s): cpu = 00:00:28 ; elapsed = 00:00:30 . Memory (MB): peak = 1536.223 ; gain = 638.059
---------------------------------------------------------------------------------
---------------------------------------------------------------------------------
Start Loading Part and Timing Information
---------------------------------------------------------------------------------
Loading part: xc7a100tcsg324-1
---------------------------------------------------------------------------------
Finished Loading Part and Timing Information : Time (s): cpu = 00:00:28 ; elapsed = 00:00:30 . Memory (MB): peak = 1536.223 ; gain = 638.059
---------------------------------------------------------------------------------
---------------------------------------------------------------------------------
Start Applying 'set_property' XDC Constraints
---------------------------------------------------------------------------------
---------------------------------------------------------------------------------
Finished applying 'set_property' XDC Constraints : Time (s): cpu = 00:00:28 ; elapsed = 00:00:30 . Memory (MB): peak = 1536.223 ; gain = 638.059
---------------------------------------------------------------------------------
INFO: [Synth 8-802] inferred FSM for state register 'row_scan_reg' in module 'keypad'
---------------------------------------------------------------------------------------------------
                   State |                     New Encoding |                Previous Encoding 
---------------------------------------------------------------------------------------------------
                 iSTATE3 |                              000 |                             0000
                  iSTATE |                              001 |                             0111
                 iSTATE0 |                              010 |                             1011
                 iSTATE1 |                              011 |                             1101
                 iSTATE2 |                              100 |                             1110
---------------------------------------------------------------------------------------------------
INFO: [Synth 8-3354] encoded FSM with state register 'row_scan_reg' using encoding 'sequential' in module 'keypad'
---------------------------------------------------------------------------------
Finished RTL Optimization Phase 2 : Time (s): cpu = 00:00:29 ; elapsed = 00:00:31 . Memory (MB): peak = 1536.223 ; gain = 638.059
---------------------------------------------------------------------------------
---------------------------------------------------------------------------------
Start RTL Component Statistics 
---------------------------------------------------------------------------------
Detailed RTL Component Info : 
+---Adders : 
	   2 Input   11 Bit       Adders := 1     
	   2 Input    5 Bit       Adders := 1     
+---Registers : 
	               11 Bit    Registers := 1     
	                8 Bit    Registers := 1     
	                7 Bit    Registers := 1     
	                5 Bit    Registers := 1     
	                4 Bit    Registers := 5     
	                1 Bit    Registers := 5     
+---Muxes : 
	   2 Input    8 Bit        Muxes := 2     
	  33 Input    7 Bit        Muxes := 1     
	   4 Input    4 Bit        Muxes := 3     
	   5 Input    4 Bit        Muxes := 2     
	   2 Input    4 Bit        Muxes := 19    
	   5 Input    3 Bit        Muxes := 1     
	   4 Input    2 Bit        Muxes := 1     
	   4 Input    1 Bit        Muxes := 2     
	   2 Input    1 Bit        Muxes := 2     
	   5 Input    1 Bit        Muxes := 4     
	   3 Input    1 Bit        Muxes := 2     
---------------------------------------------------------------------------------
Finished RTL Component Statistics 
---------------------------------------------------------------------------------
---------------------------------------------------------------------------------
Start Part Resource Summary
---------------------------------------------------------------------------------
Part Resources:
DSPs: 240 (col length:80)
BRAMs: 270 (col length: RAMB18 80 RAMB36 40)
---------------------------------------------------------------------------------
Finished Part Resource Summary
---------------------------------------------------------------------------------
---------------------------------------------------------------------------------
Start Cross Boundary and Area Optimization
---------------------------------------------------------------------------------
WARNING: [Synth 8-7080] Parallel synthesis criteria is not met
---------------------------------------------------------------------------------
Finished Cross Boundary and Area Optimization : Time (s): cpu = 00:00:34 ; elapsed = 00:00:36 . Memory (MB): peak = 1536.223 ; gain = 638.059
---------------------------------------------------------------------------------
---------------------------------------------------------------------------------
Start Applying XDC Timing Constraints
---------------------------------------------------------------------------------
---------------------------------------------------------------------------------
Finished Applying XDC Timing Constraints : Time (s): cpu = 00:00:46 ; elapsed = 00:00:49 . Memory (MB): peak = 1536.223 ; gain = 638.059
---------------------------------------------------------------------------------
---------------------------------------------------------------------------------
Start Timing Optimization
---------------------------------------------------------------------------------
---------------------------------------------------------------------------------
Finished Timing Optimization : Time (s): cpu = 00:00:46 ; elapsed = 00:00:49 . Memory (MB): peak = 1536.223 ; gain = 638.059
---------------------------------------------------------------------------------
---------------------------------------------------------------------------------
Start Technology Mapping
---------------------------------------------------------------------------------
---------------------------------------------------------------------------------
Finished Technology Mapping : Time (s): cpu = 00:00:46 ; elapsed = 00:00:49 . Memory (MB): peak = 1536.223 ; gain = 638.059
---------------------------------------------------------------------------------
---------------------------------------------------------------------------------
Start IO Insertion
---------------------------------------------------------------------------------
---------------------------------------------------------------------------------
Start Flattening Before IO Insertion
---------------------------------------------------------------------------------
---------------------------------------------------------------------------------
Finished Flattening Before IO Insertion
---------------------------------------------------------------------------------
---------------------------------------------------------------------------------
Start Final Netlist Cleanup
---------------------------------------------------------------------------------
---------------------------------------------------------------------------------
Finished Final Netlist Cleanup
---------------------------------------------------------------------------------
---------------------------------------------------------------------------------
Finished IO Insertion : Time (s): cpu = 00:00:55 ; elapsed = 00:00:58 . Memory (MB): peak = 1536.223 ; gain = 638.059
---------------------------------------------------------------------------------
---------------------------------------------------------------------------------
Start Renaming Generated Instances
---------------------------------------------------------------------------------
---------------------------------------------------------------------------------
Finished Renaming Generated Instances : Time (s): cpu = 00:00:55 ; elapsed = 00:00:58 . Memory (MB): peak = 1536.223 ; gain = 638.059
---------------------------------------------------------------------------------
---------------------------------------------------------------------------------
Start Rebuilding User Hierarchy
---------------------------------------------------------------------------------
---------------------------------------------------------------------------------
Finished Rebuilding User Hierarchy : Time (s): cpu = 00:00:55 ; elapsed = 00:00:58 . Memory (MB): peak = 1536.223 ; gain = 638.059
---------------------------------------------------------------------------------
---------------------------------------------------------------------------------
Start Renaming Generated Ports
---------------------------------------------------------------------------------
---------------------------------------------------------------------------------
Finished Renaming Generated Ports : Time (s): cpu = 00:00:55 ; elapsed = 00:00:58 . Memory (MB): peak = 1536.223 ; gain = 638.059
---------------------------------------------------------------------------------
---------------------------------------------------------------------------------
Start Handling Custom Attributes
---------------------------------------------------------------------------------
---------------------------------------------------------------------------------
Finished Handling Custom Attributes : Time (s): cpu = 00:00:55 ; elapsed = 00:00:58 . Memory (MB): peak = 1536.223 ; gain = 638.059
---------------------------------------------------------------------------------
---------------------------------------------------------------------------------
Start Renaming Generated Nets
---------------------------------------------------------------------------------
---------------------------------------------------------------------------------
Finished Renaming Generated Nets : Time (s): cpu = 00:00:55 ; elapsed = 00:00:58 . Memory (MB): peak = 1536.223 ; gain = 638.059
---------------------------------------------------------------------------------
---------------------------------------------------------------------------------
Start Writing Synthesis Report
---------------------------------------------------------------------------------

Report BlackBoxes: 
+-+--------------+----------+
| |BlackBox name |Instances |
+-+--------------+----------+
+-+--------------+----------+

Report Cell Usage: 
+------+-------+------+
|      |Cell   |Count |
+------+-------+------+
|1     |BUFG   |     1|
|2     |CARRY4 |     8|
|3     |LUT1   |     7|
|4     |LUT2   |    14|
|5     |LUT3   |    10|
|6     |LUT4   |    16|
|7     |LUT5   |    13|
|8     |LUT6   |    27|
|9     |FDRE   |    78|
|10    |IBUF   |     7|
|11    |OBUF   |    15|
|12    |OBUFT  |     4|
+------+-------+------+
---------------------------------------------------------------------------------
Finished Writing Synthesis Report : Time (s): cpu = 00:00:55 ; elapsed = 00:00:58 . Memory (MB): peak = 1536.223 ; gain = 638.059
---------------------------------------------------------------------------------
Synthesis finished with 0 errors, 0 critical warnings and 1 warnings.
Synthesis Optimization Runtime : Time (s): cpu = 00:00:38 ; elapsed = 00:00:54 . Memory (MB): peak = 1536.223 ; gain = 547.266
Synthesis Optimization Complete : Time (s): cpu = 00:00:55 ; elapsed = 00:00:58 . Memory (MB): peak = 1536.223 ; gain = 638.059
INFO: [Project 1-571] Translating synthesized netlist
Netlist sorting complete. Time (s): cpu = 00:00:00 ; elapsed = 00:00:00.003 . Memory (MB): peak = 1536.223 ; gain = 0.000
INFO: [Netlist 29-17] Analyzing 8 Unisim elements for replacement
INFO: [Netlist 29-28] Unisim Transformation completed in 0 CPU seconds
INFO: [Project 1-570] Preparing netlist for logic optimization
INFO: [Opt 31-138] Pushed 0 inverter(s) to 0 load pin(s).
Netlist sorting complete. Time (s): cpu = 00:00:00 ; elapsed = 00:00:00 . Memory (MB): peak = 1536.223 ; gain = 0.000
INFO: [Project 1-111] Unisim Transformation Summary:
No Unisim elements were transformed.

存取被拒。
Synth Design complete | Checksum: 1b2683ca
INFO: [Common 17-83] Releasing license: Synthesis
31 Infos, 7 Warnings, 0 Critical Warnings and 0 Errors encountered.
synth_design completed successfully
synth_design: Time (s): cpu = 00:01:04 ; elapsed = 00:01:10 . Memory (MB): peak = 1536.223 ; gain = 1048.199
Write ShapeDB Complete: Time (s): cpu = 00:00:00 ; elapsed = 00:00:00.003 . Memory (MB): peak = 1536.223 ; gain = 0.000
INFO: [Common 17-1381] The checkpoint 'C:/03 Digital Lab/Lab06/Lab06_BCD_adder/Lab06_BCD_adder/Lab06_BCD_adder.runs/synth_1/adder.dcp' has been generated.
INFO: [runtcl-4] Executing : report_utilization -file adder_utilization_synth.rpt -pb adder_utilization_synth.pb
INFO: [Common 17-206] Exiting Vivado at Wed Apr 23 14:16:22 2025...
